<?xml version="1.0" encoding="UTF-8"?>
<testng-results ignored="0" total="1" passed="1" failed="0" skipped="0">
  <reporter-output>
  </reporter-output>
  <suite started-at="2026-07-30T13:28:38 PKT" name="Default suite" finished-at="2026-07-30T13:28:49 PKT" duration-ms="10962">
    <groups>
    </groups>
    <test started-at="2026-07-30T13:28:38 PKT" name="Default test" finished-at="2026-07-30T13:28:49 PKT" duration-ms="10962">
      <class name="TaskTest">
        <test-method is-config="true" signature="setup()[pri:0, instance:TaskTest@55b699ef]" started-at="2026-07-30T13:28:38 PKT" name="setup" finished-at="2026-07-30T13:28:43 PKT" duration-ms="5681" status="PASS">
          <reporter-output>
          </reporter-output>
        </test-method> <!-- setup -->
        <test-method signature="task()[pri:0, instance:TaskTest@55b699ef]" started-at="2026-07-30T13:28:43 PKT" name="task" finished-at="2026-07-30T13:28:49 PKT" duration-ms="5189" status="PASS">
          <reporter-output>
          </reporter-output>
        </test-method> <!-- task -->
        <test-method is-config="true" signature="tearDown()[pri:0, instance:TaskTest@55b699ef]" started-at="2026-07-30T13:28:49 PKT" name="tearDown" finished-at="2026-07-30T13:28:49 PKT" duration-ms="1" status="PASS">
          <reporter-output>
          </reporter-output>
        </test-method> <!-- tearDown -->
      </class> <!-- TaskTest -->
    </test> <!-- Default test -->
  </suite> <!-- Default suite -->
</testng-results>
