<?xml version="1.0" encoding="UTF-8"?>
<testng-results ignored="1" total="2" passed="1" failed="0" skipped="0">
  <reporter-output>
  </reporter-output>
  <suite started-at="2026-07-21T17:13:51 PKT" name="Default suite" finished-at="2026-07-21T17:14:02 PKT" duration-ms="10477">
    <groups>
    </groups>
    <test started-at="2026-07-21T17:13:51 PKT" name="Default test" finished-at="2026-07-21T17:14:02 PKT" duration-ms="10477">
      <class name="TaskTest">
        <test-method is-config="true" signature="setup()[pri:0, instance:TaskTest@35d019a3]" started-at="2026-07-21T17:13:51 PKT" name="setup" finished-at="2026-07-21T17:13:57 PKT" duration-ms="5839" status="PASS">
          <reporter-output>
          </reporter-output>
        </test-method> <!-- setup -->
        <test-method is-config="true" signature="login()[pri:0, instance:TaskTest@35d019a3]" started-at="2026-07-21T17:13:57 PKT" name="login" finished-at="2026-07-21T17:13:59 PKT" duration-ms="1480" status="PASS">
          <reporter-output>
          </reporter-output>
        </test-method> <!-- login -->
        <test-method signature="task()[pri:0, instance:TaskTest@35d019a3]" started-at="2026-07-21T17:13:59 PKT" name="task" finished-at="2026-07-21T17:14:02 PKT" duration-ms="3063" status="PASS">
          <reporter-output>
          </reporter-output>
        </test-method> <!-- task -->
        <test-method is-config="true" signature="tearDown()[pri:0, instance:TaskTest@35d019a3]" started-at="2026-07-21T17:14:02 PKT" name="tearDown" finished-at="2026-07-21T17:14:02 PKT" duration-ms="1" status="PASS">
          <reporter-output>
          </reporter-output>
        </test-method> <!-- tearDown -->
      </class> <!-- TaskTest -->
    </test> <!-- Default test -->
  </suite> <!-- Default suite -->
</testng-results>
